{"src/js/jquery-json-form-functions.js":{"path":"src/js/jquery-json-form-functions.js","s":{"1":1,"2":12,"3":12,"4":12,"5":12,"6":1,"7":195,"8":107,"9":107,"10":107,"11":30,"12":29,"13":1,"14":77,"15":88,"16":21,"17":88,"18":88,"19":88,"20":1,"21":172,"22":106,"23":66,"24":33,"25":62,"26":33,"27":98,"28":98,"29":11,"30":11,"31":11,"32":87,"33":66,"34":12,"35":112,"36":107,"37":107,"38":12,"39":12,"40":1,"41":2,"42":2,"43":1,"44":2,"45":2},"b":{"1":[107,88],"2":[62,45],"3":[30,77],"4":[29,1],"5":[33,44],"6":[21,67],"7":[106,66],"8":[33,33],"9":[11,87],"10":[11,6],"11":[107,5],"12":[2,1],"13":[2,1]},"f":{"1":12,"2":195,"3":172,"4":2,"5":2},"fnMap":{"1":{"name":"(anonymous_1)","line":6,"loc":{"start":{"line":6,"column":14},"end":{"line":6,"column":25}}},"2":{"name":"addFieldValue","line":16,"loc":{"start":{"line":16,"column":4},"end":{"line":16,"column":45}}},"3":{"name":"mergeObjectArrays","line":39,"loc":{"start":{"line":39,"column":1},"end":{"line":39,"column":34}}},"4":{"name":"(anonymous_4)","line":73,"loc":{"start":{"line":73,"column":16},"end":{"line":73,"column":27}}},"5":{"name":"(anonymous_5)","line":85,"loc":{"start":{"line":85,"column":15},"end":{"line":85,"column":26}}}},"statementMap":{"1":{"start":{"line":6,"column":0},"end":{"line":71,"column":2}},"2":{"start":{"line":8,"column":4},"end":{"line":8,"column":44}},"3":{"start":{"line":10,"column":4},"end":{"line":10,"column":32}},"4":{"start":{"line":12,"column":4},"end":{"line":12,"column":18}},"5":{"start":{"line":14,"column":4},"end":{"line":14,"column":47}},"6":{"start":{"line":16,"column":4},"end":{"line":37,"column":2}},"7":{"start":{"line":17,"column":2},"end":{"line":36,"column":3}},"8":{"start":{"line":18,"column":3},"end":{"line":18,"column":40}},"9":{"start":{"line":19,"column":3},"end":{"line":19,"column":41}},"10":{"start":{"line":20,"column":3},"end":{"line":28,"column":4}},"11":{"start":{"line":21,"column":4},"end":{"line":25,"column":5}},"12":{"start":{"line":22,"column":5},"end":{"line":22,"column":27}},"13":{"start":{"line":24,"column":5},"end":{"line":24,"column":23}},"14":{"start":{"line":27,"column":4},"end":{"line":27,"column":42}},"15":{"start":{"line":30,"column":3},"end":{"line":32,"column":4}},"16":{"start":{"line":31,"column":4},"end":{"line":31,"column":22}},"17":{"start":{"line":33,"column":3},"end":{"line":33,"column":30}},"18":{"start":{"line":34,"column":3},"end":{"line":34,"column":20}},"19":{"start":{"line":35,"column":3},"end":{"line":35,"column":38}},"20":{"start":{"line":39,"column":1},"end":{"line":59,"column":2}},"21":{"start":{"line":40,"column":2},"end":{"line":57,"column":3}},"22":{"start":{"line":41,"column":3},"end":{"line":41,"column":15}},"23":{"start":{"line":42,"column":9},"end":{"line":57,"column":3}},"24":{"start":{"line":43,"column":3},"end":{"line":45,"column":4}},"25":{"start":{"line":44,"column":4},"end":{"line":44,"column":41}},"26":{"start":{"line":47,"column":3},"end":{"line":56,"column":4}},"27":{"start":{"line":48,"column":4},"end":{"line":48,"column":45}},"28":{"start":{"line":49,"column":4},"end":{"line":55,"column":5}},"29":{"start":{"line":50,"column":5},"end":{"line":50,"column":43}},"30":{"start":{"line":51,"column":5},"end":{"line":51,"column":71}},"31":{"start":{"line":52,"column":5},"end":{"line":52,"column":22}},"32":{"start":{"line":54,"column":5},"end":{"line":54,"column":46}},"33":{"start":{"line":58,"column":2},"end":{"line":58,"column":14}},"34":{"start":{"line":61,"column":1},"end":{"line":66,"column":2}},"35":{"start":{"line":62,"column":2},"end":{"line":65,"column":3}},"36":{"start":{"line":63,"column":3},"end":{"line":63,"column":67}},"37":{"start":{"line":64,"column":3},"end":{"line":64,"column":53}},"38":{"start":{"line":68,"column":1},"end":{"line":68,"column":32}},"39":{"start":{"line":70,"column":1},"end":{"line":70,"column":13}},"40":{"start":{"line":73,"column":0},"end":{"line":83,"column":2}},"41":{"start":{"line":74,"column":1},"end":{"line":81,"column":4}},"42":{"start":{"line":82,"column":1},"end":{"line":82,"column":14}},"43":{"start":{"line":85,"column":0},"end":{"line":95,"column":2}},"44":{"start":{"line":86,"column":1},"end":{"line":93,"column":4}},"45":{"start":{"line":94,"column":1},"end":{"line":94,"column":14}}},"branchMap":{"1":{"line":17,"type":"if","locations":[{"start":{"line":17,"column":2},"end":{"line":17,"column":2}},{"start":{"line":17,"column":2},"end":{"line":17,"column":2}}]},"2":{"line":19,"type":"cond-expr","locations":[{"start":{"line":19,"column":23},"end":{"line":19,"column":31}},{"start":{"line":19,"column":34},"end":{"line":19,"column":40}}]},"3":{"line":20,"type":"if","locations":[{"start":{"line":20,"column":3},"end":{"line":20,"column":3}},{"start":{"line":20,"column":3},"end":{"line":20,"column":3}}]},"4":{"line":21,"type":"if","locations":[{"start":{"line":21,"column":4},"end":{"line":21,"column":4}},{"start":{"line":21,"column":4},"end":{"line":21,"column":4}}]},"5":{"line":27,"type":"cond-expr","locations":[{"start":{"line":27,"column":26},"end":{"line":27,"column":33}},{"start":{"line":27,"column":36},"end":{"line":27,"column":41}}]},"6":{"line":30,"type":"if","locations":[{"start":{"line":30,"column":3},"end":{"line":30,"column":3}},{"start":{"line":30,"column":3},"end":{"line":30,"column":3}}]},"7":{"line":40,"type":"if","locations":[{"start":{"line":40,"column":2},"end":{"line":40,"column":2}},{"start":{"line":40,"column":2},"end":{"line":40,"column":2}}]},"8":{"line":42,"type":"if","locations":[{"start":{"line":42,"column":9},"end":{"line":42,"column":9}},{"start":{"line":42,"column":9},"end":{"line":42,"column":9}}]},"9":{"line":49,"type":"if","locations":[{"start":{"line":49,"column":4},"end":{"line":49,"column":4}},{"start":{"line":49,"column":4},"end":{"line":49,"column":4}}]},"10":{"line":50,"type":"binary-expr","locations":[{"start":{"line":50,"column":22},"end":{"line":50,"column":36}},{"start":{"line":50,"column":40},"end":{"line":50,"column":42}}]},"11":{"line":62,"type":"if","locations":[{"start":{"line":62,"column":2},"end":{"line":62,"column":2}},{"start":{"line":62,"column":2},"end":{"line":62,"column":2}}]},"12":{"line":76,"type":"binary-expr","locations":[{"start":{"line":76,"column":8},"end":{"line":76,"column":27}},{"start":{"line":76,"column":31},"end":{"line":76,"column":51}}]},"13":{"line":88,"type":"binary-expr","locations":[{"start":{"line":88,"column":8},"end":{"line":88,"column":27}},{"start":{"line":88,"column":31},"end":{"line":88,"column":51}}]}}}}