{"src\\js\\jquery-json-form-functions.js":{"path":"src\\js\\jquery-json-form-functions.js","s":{"1":1,"2":3,"3":3,"4":3,"5":1,"6":12,"7":12,"8":1,"9":1,"10":0,"11":1,"12":11,"13":0,"14":0,"15":0,"16":0,"17":0,"18":1,"19":16,"20":12,"21":4,"22":1,"23":2,"24":3,"25":11,"26":11,"27":0,"28":0,"29":0,"30":11,"31":4,"32":1,"33":10,"34":10,"35":10,"36":10,"37":5,"38":0,"39":5,"40":0,"41":0,"42":3,"43":14,"44":12,"45":12,"46":3,"47":3,"48":10,"49":3,"50":1,"51":0,"52":0,"53":1,"54":0,"55":0},"b":{"1":[12,0],"2":[1,11],"3":[0,1],"4":[0,0],"5":[12,4],"6":[1,3],"7":[0,11],"8":[0,0],"9":[0,10],"10":[10,0],"11":[5,5],"12":[10,7,5],"13":[0,5],"14":[12,2],"15":[0,0],"16":[0,0]},"f":{"1":3,"2":12,"3":16,"4":10,"5":10,"6":0,"7":0},"fnMap":{"1":{"name":"(anonymous_1)","line":115,"loc":{"start":{"line":115,"column":14},"end":{"line":115,"column":25}}},"2":{"name":"addFieldValue","line":123,"loc":{"start":{"line":123,"column":4},"end":{"line":123,"column":45}}},"3":{"name":"mergeObjectArrays","line":145,"loc":{"start":{"line":145,"column":1},"end":{"line":145,"column":34}}},"4":{"name":"convertToArray","line":167,"loc":{"start":{"line":167,"column":1},"end":{"line":167,"column":36}}},"5":{"name":"(anonymous_5)","line":193,"loc":{"start":{"line":193,"column":36},"end":{"line":193,"column":54}}},"6":{"name":"(anonymous_6)","line":200,"loc":{"start":{"line":200,"column":16},"end":{"line":200,"column":27}}},"7":{"name":"(anonymous_7)","line":212,"loc":{"start":{"line":212,"column":15},"end":{"line":212,"column":26}}}},"statementMap":{"1":{"start":{"line":115,"column":0},"end":{"line":198,"column":2}},"2":{"start":{"line":117,"column":4},"end":{"line":117,"column":37}},"3":{"start":{"line":119,"column":4},"end":{"line":119,"column":18}},"4":{"start":{"line":121,"column":1},"end":{"line":121,"column":44}},"5":{"start":{"line":123,"column":4},"end":{"line":143,"column":2}},"6":{"start":{"line":124,"column":2},"end":{"line":142,"column":3}},"7":{"start":{"line":125,"column":3},"end":{"line":134,"column":4}},"8":{"start":{"line":126,"column":4},"end":{"line":126,"column":32}},"9":{"start":{"line":127,"column":4},"end":{"line":131,"column":5}},"10":{"start":{"line":128,"column":5},"end":{"line":128,"column":26}},"11":{"start":{"line":130,"column":5},"end":{"line":130,"column":44}},"12":{"start":{"line":133,"column":4},"end":{"line":133,"column":25}},"13":{"start":{"line":136,"column":3},"end":{"line":138,"column":4}},"14":{"start":{"line":137,"column":4},"end":{"line":137,"column":22}},"15":{"start":{"line":139,"column":3},"end":{"line":139,"column":30}},"16":{"start":{"line":140,"column":3},"end":{"line":140,"column":20}},"17":{"start":{"line":141,"column":3},"end":{"line":141,"column":38}},"18":{"start":{"line":145,"column":1},"end":{"line":165,"column":2}},"19":{"start":{"line":146,"column":2},"end":{"line":163,"column":3}},"20":{"start":{"line":147,"column":3},"end":{"line":147,"column":15}},"21":{"start":{"line":148,"column":9},"end":{"line":163,"column":3}},"22":{"start":{"line":149,"column":3},"end":{"line":151,"column":4}},"23":{"start":{"line":150,"column":4},"end":{"line":150,"column":41}},"24":{"start":{"line":153,"column":3},"end":{"line":162,"column":4}},"25":{"start":{"line":154,"column":4},"end":{"line":154,"column":38}},"26":{"start":{"line":155,"column":4},"end":{"line":161,"column":5}},"27":{"start":{"line":156,"column":5},"end":{"line":156,"column":43}},"28":{"start":{"line":157,"column":5},"end":{"line":157,"column":71}},"29":{"start":{"line":158,"column":5},"end":{"line":158,"column":22}},"30":{"start":{"line":160,"column":5},"end":{"line":160,"column":46}},"31":{"start":{"line":164,"column":2},"end":{"line":164,"column":14}},"32":{"start":{"line":167,"column":1},"end":{"line":182,"column":2}},"33":{"start":{"line":168,"column":2},"end":{"line":168,"column":39}},"34":{"start":{"line":169,"column":2},"end":{"line":169,"column":64}},"35":{"start":{"line":170,"column":2},"end":{"line":181,"column":3}},"36":{"start":{"line":171,"column":3},"end":{"line":177,"column":4}},"37":{"start":{"line":172,"column":4},"end":{"line":176,"column":5}},"38":{"start":{"line":173,"column":5},"end":{"line":173,"column":40}},"39":{"start":{"line":175,"column":5},"end":{"line":175,"column":28}},"40":{"start":{"line":179,"column":3},"end":{"line":179,"column":19}},"41":{"start":{"line":180,"column":3},"end":{"line":180,"column":30}},"42":{"start":{"line":184,"column":1},"end":{"line":189,"column":2}},"43":{"start":{"line":185,"column":2},"end":{"line":188,"column":3}},"44":{"start":{"line":186,"column":3},"end":{"line":186,"column":67}},"45":{"start":{"line":187,"column":3},"end":{"line":187,"column":53}},"46":{"start":{"line":191,"column":1},"end":{"line":191,"column":32}},"47":{"start":{"line":193,"column":1},"end":{"line":195,"column":4}},"48":{"start":{"line":194,"column":8},"end":{"line":194,"column":70}},"49":{"start":{"line":197,"column":1},"end":{"line":197,"column":13}},"50":{"start":{"line":200,"column":0},"end":{"line":210,"column":2}},"51":{"start":{"line":201,"column":1},"end":{"line":208,"column":4}},"52":{"start":{"line":209,"column":1},"end":{"line":209,"column":14}},"53":{"start":{"line":212,"column":0},"end":{"line":222,"column":2}},"54":{"start":{"line":213,"column":1},"end":{"line":220,"column":4}},"55":{"start":{"line":221,"column":1},"end":{"line":221,"column":14}}},"branchMap":{"1":{"line":124,"type":"if","locations":[{"start":{"line":124,"column":2},"end":{"line":124,"column":2}},{"start":{"line":124,"column":2},"end":{"line":124,"column":2}}]},"2":{"line":125,"type":"if","locations":[{"start":{"line":125,"column":3},"end":{"line":125,"column":3}},{"start":{"line":125,"column":3},"end":{"line":125,"column":3}}]},"3":{"line":127,"type":"if","locations":[{"start":{"line":127,"column":4},"end":{"line":127,"column":4}},{"start":{"line":127,"column":4},"end":{"line":127,"column":4}}]},"4":{"line":136,"type":"if","locations":[{"start":{"line":136,"column":3},"end":{"line":136,"column":3}},{"start":{"line":136,"column":3},"end":{"line":136,"column":3}}]},"5":{"line":146,"type":"if","locations":[{"start":{"line":146,"column":2},"end":{"line":146,"column":2}},{"start":{"line":146,"column":2},"end":{"line":146,"column":2}}]},"6":{"line":148,"type":"if","locations":[{"start":{"line":148,"column":9},"end":{"line":148,"column":9}},{"start":{"line":148,"column":9},"end":{"line":148,"column":9}}]},"7":{"line":155,"type":"if","locations":[{"start":{"line":155,"column":4},"end":{"line":155,"column":4}},{"start":{"line":155,"column":4},"end":{"line":155,"column":4}}]},"8":{"line":156,"type":"binary-expr","locations":[{"start":{"line":156,"column":22},"end":{"line":156,"column":36}},{"start":{"line":156,"column":40},"end":{"line":156,"column":42}}]},"9":{"line":169,"type":"cond-expr","locations":[{"start":{"line":169,"column":24},"end":{"line":169,"column":48}},{"start":{"line":169,"column":51},"end":{"line":169,"column":63}}]},"10":{"line":170,"type":"if","locations":[{"start":{"line":170,"column":2},"end":{"line":170,"column":2}},{"start":{"line":170,"column":2},"end":{"line":170,"column":2}}]},"11":{"line":171,"type":"if","locations":[{"start":{"line":171,"column":3},"end":{"line":171,"column":3}},{"start":{"line":171,"column":3},"end":{"line":171,"column":3}}]},"12":{"line":171,"type":"binary-expr","locations":[{"start":{"line":171,"column":7},"end":{"line":171,"column":12}},{"start":{"line":171,"column":16},"end":{"line":171,"column":33}},{"start":{"line":171,"column":37},"end":{"line":171,"column":49}}]},"13":{"line":172,"type":"if","locations":[{"start":{"line":172,"column":4},"end":{"line":172,"column":4}},{"start":{"line":172,"column":4},"end":{"line":172,"column":4}}]},"14":{"line":185,"type":"if","locations":[{"start":{"line":185,"column":2},"end":{"line":185,"column":2}},{"start":{"line":185,"column":2},"end":{"line":185,"column":2}}]},"15":{"line":203,"type":"binary-expr","locations":[{"start":{"line":203,"column":8},"end":{"line":203,"column":27}},{"start":{"line":203,"column":31},"end":{"line":203,"column":51}}]},"16":{"line":215,"type":"binary-expr","locations":[{"start":{"line":215,"column":8},"end":{"line":215,"column":27}},{"start":{"line":215,"column":31},"end":{"line":215,"column":51}}]}}}}